C51 COMPILER V9.60.7.0   CODE                                                              02/26/2023 14:18:45 PAGE 1   


C51 COMPILER V9.60.7.0, COMPILATION OF MODULE CODE
OBJECT MODULE PLACED IN .\Objects\code.obj
COMPILER INVOKED BY: C:\Keil_v5\C51\BIN\C51.EXE code.c OPTIMIZE(8,SPEED) BROWSE DEBUG OBJECTEXTEND PRINT(.\Listings\code
                    -.lst) TABS(2) OBJECT(.\Objects\code.obj)

line level    source

   1          #include<reg51.h>
   2          void delay(unsigned int );
   3          sbit red0=P1^0;
   4          sbit yellow0=P1^1;
   5          sbit green0=P1^2;
   6          //2nd light
   7          sbit red1=P1^3;
   8          sbit yellow1=P1^4;
   9          sbit green1=P1^5;
  10          //3rd light
  11          sbit red2=P2^3;
  12          sbit yellow2=P2^4;
  13          sbit green2=P2^5;
  14          //4th light
  15          sbit red3=P2^0;
  16          sbit yellow3=P2^1;
  17          sbit green3=P2^2;
  18          
  19          void main(){
  20   1        
  21   1      red0=yellow0=green0=0;
  22   1      red1=yellow1=green1=0;
  23   1      red2=yellow2=green2=0;
  24   1      red3=yellow3=green3=0;
  25   1        
  26   1      while(1)
  27   1      {
  28   2      //first Round
  29   2        red0=1,yellow0=0,green0=0, 
  30   2        red1=1,yellow1=0,green1=0,
  31   2        red2=0,yellow2=0,green2=1,
  32   2        red3=0,yellow3=1,green3=0;
  33   2      delay(700);
  34   2      //second round
  35   2        red0=1,yellow0=0,green0=0, 
  36   2        red1=0,yellow1=1,green1=0,
  37   2        red2=1,yellow2=0,green2=0, 
  38   2        red3=0,yellow3=0,green3=1;
  39   2      delay(700);
  40   2      //third round
  41   2       red0=0,yellow0=1,green0=0,
  42   2       red1=0,yellow1=0,green1=1,
  43   2       red2=1,yellow2=0,green2=0,
  44   2       red3=1,yellow3=0,green3=0;   
  45   2      delay(700);
  46   2      //fouth round
  47   2       red0=0,yellow0=0,green0=1,
  48   2       red1=1,yellow1=0,green1=0,
  49   2       red2=0,yellow2=1,green2=0,
  50   2       red3=1,yellow3=0,green3=0; 
  51   2      delay(700);   
  52   2      }
  53   1      }
  54          
C51 COMPILER V9.60.7.0   CODE                                                              02/26/2023 14:18:45 PAGE 2   

  55          void delay(unsigned int v){
  56   1      int i ,j;
  57   1        for(i=0; i<v; i++)
  58   1        for(j=0; j<1275; j++);
  59   1      }


MODULE INFORMATION:   STATIC OVERLAYABLE
   CODE SIZE        =    160    ----
   CONSTANT SIZE    =   ----    ----
   XDATA SIZE       =   ----    ----
   PDATA SIZE       =   ----    ----
   DATA SIZE        =   ----    ----
   IDATA SIZE       =   ----    ----
   BIT SIZE         =   ----    ----
END OF MODULE INFORMATION.


C51 COMPILATION COMPLETE.  0 WARNING(S),  0 ERROR(S)
